<?xml version="1.0" encoding="UTF-8"?>
<!-- Generated by org.testng.reporters.JUnitXMLReporter -->
<testsuite hostname="LAPTOP-EFA9OV8D" ignored="0" name="Test" tests="3" failures="1" timestamp="30 Apr 2020 06:29:50 GMT" time="45.231" errors="0">
  <testcase name="tapAboutUS" time="3.671" classname="com.juicePlusTest.TS.ContactUs_TC"/>
  <testcase name="submitValidForm" time="2.34" classname="com.juicePlusTest.TS.ValidCompleteForm_TC"/>
  <testcase name="verifyValidSuccessMsg" time="0.252" classname="com.juicePlusTest.TS.ValidCompleteForm_TC">
    <failure type="junit.framework.ComparisonFailure" message="expected:&amp;lt;&amp;gt; but was:&amp;lt;Thank you! We have received your message.&amp;gt;">
      <![CDATA[junit.framework.ComparisonFailure: expected:<> but was:<Thank you! We have received your message.>
at junit.framework.Assert.assertEquals(Assert.java:81)
at junit.framework.Assert.assertEquals(Assert.java:87)
at com.juicePlusTest.TS.ValidCompleteForm_TC.verifyValidSuccessMsg(ValidCompleteForm_TC.java:28)
... Removed 25 stack frames]]>
    </failure>
  </testcase> <!-- verifyValidSuccessMsg -->
</testsuite> <!-- Test -->
