<?xml version="1.0" encoding="UTF-8"?>
<!-- Generated by org.testng.reporters.JUnitXMLReporter -->
<testsuite hostname="LAPTOP-EFA9OV8D" ignored="2" name="Test" tests="3" failures="1" timestamp="03 May 2020 17:58:03 GMT" time="34.739" errors="0">
  <testcase name="tapAboutUS" time="1.337" classname="com.juicePlusTest.TS.ContactUs_Test"/>
  <testcase name="submitInvalidForm" time="1.501" classname="com.juicePlusTest.TS.InvalidIncompleteForm_Test"/>
  <testcase name="verifyInvalidFormError" time="0.206" classname="com.juicePlusTest.TS.InvalidIncompleteForm_Test">
    <failure type="junit.framework.ComparisonFailure" message="expected:&amp;lt;Oops! You did not complete the form properly&amp;gt; but was:&amp;lt;Thank you! We have received your message.&amp;gt;">
      <![CDATA[junit.framework.ComparisonFailure: expected:<Oops! You did not complete the form properly> but was:<Thank you! We have received your message.>
at junit.framework.Assert.assertEquals(Assert.java:81)
at junit.framework.Assert.assertEquals(Assert.java:87)
at com.juicePlusTest.TS.InvalidIncompleteForm_Test.verifyInvalidFormError(InvalidIncompleteForm_Test.java:27)
... Removed 25 stack frames]]>
    </failure>
  </testcase> <!-- verifyInvalidFormError -->
  <testcase name="@BeforeTest launch" time="0.0" classname="com.juicePlusTest.PO.DriverMain">
    <ignored/>
  </testcase> <!-- @BeforeTest launch -->
  <testcase name="@AfterTest tearDown" time="0.0" classname="com.juicePlusTest.PO.DriverMain">
    <ignored/>
  </testcase> <!-- @AfterTest tearDown -->
</testsuite> <!-- Test -->
