<?xml version="1.0" encoding="UTF-8"?>
<testng-results skipped="0" failed="0" ignored="0" total="3" passed="3">
  <reporter-output>
  </reporter-output>
  <suite name="Suite" duration-ms="39254" started-at="2020-05-03T18:23:57Z" finished-at="2020-05-03T18:24:37Z">
    <groups>
    </groups>
    <test name="Test" duration-ms="39254" started-at="2020-05-03T18:23:57Z" finished-at="2020-05-03T18:24:37Z">
      <class name="com.juicePlusTest.TS.ValidCompleteForm_Test">
        <test-method status="PASS" signature="submitValidForm()[pri:0, instance:com.juicePlusTest.TS.ValidCompleteForm_Test@7d9d1a19]" name="submitValidForm" duration-ms="1476" started-at="2020-05-03T18:24:30Z" finished-at="2020-05-03T18:24:31Z">
          <reporter-output>
          </reporter-output>
        </test-method> <!-- submitValidForm -->
        <test-method status="PASS" signature="verifyValidSuccessMsg()[pri:0, instance:com.juicePlusTest.TS.ValidCompleteForm_Test@7d9d1a19]" name="verifyValidSuccessMsg" duration-ms="4199" started-at="2020-05-03T18:24:31Z" finished-at="2020-05-03T18:24:36Z">
          <reporter-output>
          </reporter-output>
        </test-method> <!-- verifyValidSuccessMsg -->
      </class> <!-- com.juicePlusTest.TS.ValidCompleteForm_Test -->
      <class name="com.juicePlusTest.TS.ContactUs_Test">
        <test-method status="PASS" signature="launch()[pri:0, instance:com.juicePlusTest.TS.ContactUs_Test@4883b407]" name="launch" is-config="true" duration-ms="31055" started-at="2020-05-03T18:23:57Z" finished-at="2020-05-03T18:24:28Z">
          <reporter-output>
          </reporter-output>
        </test-method> <!-- launch -->
        <test-method status="PASS" signature="tapAboutUS()[pri:0, instance:com.juicePlusTest.TS.ContactUs_Test@4883b407]" name="tapAboutUS" duration-ms="1409" started-at="2020-05-03T18:24:29Z" finished-at="2020-05-03T18:24:30Z">
          <reporter-output>
          </reporter-output>
        </test-method> <!-- tapAboutUS -->
        <test-method status="PASS" signature="tearDown()[pri:0, instance:com.juicePlusTest.TS.ContactUs_Test@4883b407]" name="tearDown" is-config="true" duration-ms="1081" started-at="2020-05-03T18:24:36Z" finished-at="2020-05-03T18:24:37Z">
          <reporter-output>
          </reporter-output>
        </test-method> <!-- tearDown -->
      </class> <!-- com.juicePlusTest.TS.ContactUs_Test -->
    </test> <!-- Test -->
  </suite> <!-- Suite -->
</testng-results>
