<?xml version="1.0" encoding="UTF-8"?>
<testng-results skipped="0" failed="0" ignored="0" total="1" passed="1">
  <reporter-output>
  </reporter-output>
  <suite name="Default suite" duration-ms="37579" started-at="2020-05-03T16:42:52Z" finished-at="2020-05-03T16:43:29Z">
    <groups>
    </groups>
    <test name="Default test" duration-ms="37579" started-at="2020-05-03T16:42:52Z" finished-at="2020-05-03T16:43:29Z">
      <class name="com.juicePlusTest.TS.ContactUs_Test">
        <test-method status="PASS" signature="launch()[pri:0, instance:com.juicePlusTest.TS.ContactUs_Test@6093dd95]" name="launch" is-config="true" duration-ms="34798" started-at="2020-05-03T16:42:52Z" finished-at="2020-05-03T16:43:27Z">
          <reporter-output>
          </reporter-output>
        </test-method> <!-- launch -->
        <test-method status="PASS" signature="tapAboutUS()[pri:0, instance:com.juicePlusTest.TS.ContactUs_Test@6093dd95]" name="tapAboutUS" duration-ms="1549" started-at="2020-05-03T16:43:27Z" finished-at="2020-05-03T16:43:28Z">
          <reporter-output>
          </reporter-output>
        </test-method> <!-- tapAboutUS -->
        <test-method status="PASS" signature="tearDown()[pri:0, instance:com.juicePlusTest.TS.ContactUs_Test@6093dd95]" name="tearDown" is-config="true" duration-ms="1200" started-at="2020-05-03T16:43:28Z" finished-at="2020-05-03T16:43:29Z">
          <reporter-output>
          </reporter-output>
        </test-method> <!-- tearDown -->
      </class> <!-- com.juicePlusTest.TS.ContactUs_Test -->
    </test> <!-- Default test -->
  </suite> <!-- Default suite -->
</testng-results>
